2025-11-28 12:23:33 INFO   dasturlash.uz.KunUzApplication - Starting KunUzApplication using Java 23.0.2 with PID 3376 (D:\Java\Spring\kun-uz\target\classes started by Asus in D:\Java\Spring\kun-uz)
2025-11-28 12:23:33 INFO   dasturlash.uz.KunUzApplication - The following 1 profile is active: "local"
2025-11-28 12:23:34 INFO   o.s.d.r.c.RepositoryConfigurationDelegate - Bootstrapping Spring Data JPA repositories in DEFAULT mode.
2025-11-28 12:23:34 INFO   o.s.d.r.c.RepositoryConfigurationDelegate - Finished Spring Data repository scanning in 52 ms. Found 17 JPA repository interfaces.
2025-11-28 12:23:35 INFO   o.s.b.w.e.tomcat.TomcatWebServer - Tomcat initialized with port 8080 (http)
2025-11-28 12:23:35 INFO   o.a.catalina.core.StandardService - Starting service [Tomcat]
2025-11-28 12:23:35 INFO   o.a.catalina.core.StandardEngine - Starting Servlet engine: [Apache Tomcat/10.1.46]
2025-11-28 12:23:35 INFO   o.a.c.c.C.[Tomcat].[localhost].[/] - Initializing Spring embedded WebApplicationContext
2025-11-28 12:23:35 INFO   o.s.b.w.s.c.ServletWebServerApplicationContext - Root WebApplicationContext: initialization completed in 1116 ms
2025-11-28 12:23:35 INFO   o.h.jpa.internal.util.LogHelper - HHH000204: Processing PersistenceUnitInfo [name: default]
2025-11-28 12:23:35 INFO   org.hibernate.Version - HHH000412: Hibernate ORM core version 6.6.29.Final
2025-11-28 12:23:35 INFO   o.h.c.i.RegionFactoryInitiator - HHH000026: Second-level cache disabled
2025-11-28 12:23:35 INFO   o.s.o.j.p.SpringPersistenceUnitInfo - No LoadTimeWeaver setup: ignoring JPA class transformer
2025-11-28 12:23:35 INFO   com.zaxxer.hikari.HikariDataSource - HikariPool-1 - Starting...
2025-11-28 12:23:35 INFO   com.zaxxer.hikari.pool.HikariPool - HikariPool-1 - Added connection org.postgresql.jdbc.PgConnection@1acc873b
2025-11-28 12:23:35 INFO   com.zaxxer.hikari.HikariDataSource - HikariPool-1 - Start completed.
2025-11-28 12:23:35 INFO   o.hibernate.orm.connections.pooling - HHH10001005: Database info:
	Database JDBC URL [Connecting through datasource 'HikariDataSource (HikariPool-1)']
	Database driver: undefined/unknown
	Database version: 17.5
	Autocommit mode: undefined/unknown
	Isolation level: undefined/unknown
	Minimum pool size: undefined/unknown
	Maximum pool size: undefined/unknown
2025-11-28 12:23:36 INFO   o.h.e.t.j.p.i.JtaPlatformInitiator - HHH000489: No JTA platform available (set 'hibernate.transaction.jta.platform' to enable JTA platform integration)
2025-11-28 12:23:37 INFO   o.s.o.j.LocalContainerEntityManagerFactoryBean - Initialized JPA EntityManagerFactory for persistence unit 'default'
2025-11-28 12:23:37 INFO   o.s.d.j.r.query.QueryEnhancerFactory - Hibernate is in classpath; If applicable, HQL parser will be used.
2025-11-28 12:23:44 WARN   o.s.b.a.o.j.JpaBaseConfiguration$JpaWebConfiguration - spring.jpa.open-in-view is enabled by default. Therefore, database queries may be performed during view rendering. Explicitly configure spring.jpa.open-in-view to disable this warning
2025-11-28 12:23:44 INFO   o.s.s.c.a.a.c.InitializeAuthenticationProviderBeanManagerConfigurer$InitializeAuthenticationProviderManagerConfigurer - Global AuthenticationManager configured with AuthenticationProvider bean with name authenticationProvider
2025-11-28 12:23:44 WARN   o.s.s.c.a.a.c.InitializeUserDetailsBeanManagerConfigurer$InitializeUserDetailsManagerConfigurer - Global AuthenticationManager configured with an AuthenticationProvider bean. UserDetailsService beans will not be used by Spring Security for automatically configuring username/password login. Consider removing the AuthenticationProvider bean. Alternatively, consider using the UserDetailsService in a manually instantiated DaoAuthenticationProvider. If the current configuration is intentional, to turn off this warning, increase the logging level of 'org.springframework.security.config.annotation.authentication.configuration.InitializeUserDetailsBeanManagerConfigurer' to ERROR
2025-11-28 12:23:44 INFO   o.s.b.w.e.tomcat.TomcatWebServer - Tomcat started on port 8080 (http) with context path '/'
2025-11-28 12:23:44 INFO   dasturlash.uz.KunUzApplication - Started KunUzApplication in 11.177 seconds (process running for 13.071)
2025-11-28 12:25:19 INFO   o.a.c.c.C.[Tomcat].[localhost].[/] - Initializing Spring DispatcherServlet 'dispatcherServlet'
2025-11-28 12:25:19 INFO   o.s.web.servlet.DispatcherServlet - Initializing Servlet 'dispatcherServlet'
2025-11-28 12:25:19 INFO   o.s.web.servlet.DispatcherServlet - Completed initialization in 0 ms
2025-11-28 12:27:59 INFO   o.s.b.w.e.tomcat.GracefulShutdown - Commencing graceful shutdown. Waiting for active requests to complete
2025-11-28 12:27:59 INFO   o.s.b.w.e.tomcat.GracefulShutdown - Graceful shutdown complete
2025-11-28 12:27:59 INFO   o.s.o.j.LocalContainerEntityManagerFactoryBean - Closing JPA EntityManagerFactory for persistence unit 'default'
2025-11-28 12:27:59 INFO   com.zaxxer.hikari.HikariDataSource - HikariPool-1 - Shutdown initiated...
2025-11-28 12:27:59 INFO   com.zaxxer.hikari.HikariDataSource - HikariPool-1 - Shutdown completed.
2025-11-28 12:28:02 INFO   dasturlash.uz.KunUzApplication - Starting KunUzApplication using Java 23.0.2 with PID 8616 (D:\Java\Spring\kun-uz\target\classes started by Asus in D:\Java\Spring\kun-uz)
2025-11-28 12:28:02 INFO   dasturlash.uz.KunUzApplication - The following 1 profile is active: "local"
2025-11-28 12:28:02 INFO   o.s.d.r.c.RepositoryConfigurationDelegate - Bootstrapping Spring Data JPA repositories in DEFAULT mode.
2025-11-28 12:28:02 INFO   o.s.d.r.c.RepositoryConfigurationDelegate - Finished Spring Data repository scanning in 48 ms. Found 17 JPA repository interfaces.
2025-11-28 12:28:02 INFO   o.s.b.w.e.tomcat.TomcatWebServer - Tomcat initialized with port 8080 (http)
2025-11-28 12:28:03 INFO   o.a.catalina.core.StandardService - Starting service [Tomcat]
2025-11-28 12:28:03 INFO   o.a.catalina.core.StandardEngine - Starting Servlet engine: [Apache Tomcat/10.1.46]
2025-11-28 12:28:03 INFO   o.a.c.c.C.[Tomcat].[localhost].[/] - Initializing Spring embedded WebApplicationContext
2025-11-28 12:28:03 INFO   o.s.b.w.s.c.ServletWebServerApplicationContext - Root WebApplicationContext: initialization completed in 959 ms
2025-11-28 12:28:03 INFO   o.h.jpa.internal.util.LogHelper - HHH000204: Processing PersistenceUnitInfo [name: default]
2025-11-28 12:28:03 INFO   org.hibernate.Version - HHH000412: Hibernate ORM core version 6.6.29.Final
2025-11-28 12:28:03 INFO   o.h.c.i.RegionFactoryInitiator - HHH000026: Second-level cache disabled
2025-11-28 12:28:03 INFO   o.s.o.j.p.SpringPersistenceUnitInfo - No LoadTimeWeaver setup: ignoring JPA class transformer
2025-11-28 12:28:03 INFO   com.zaxxer.hikari.HikariDataSource - HikariPool-1 - Starting...
2025-11-28 12:28:03 INFO   com.zaxxer.hikari.pool.HikariPool - HikariPool-1 - Added connection org.postgresql.jdbc.PgConnection@4468fda8
2025-11-28 12:28:03 INFO   com.zaxxer.hikari.HikariDataSource - HikariPool-1 - Start completed.
2025-11-28 12:28:03 INFO   o.hibernate.orm.connections.pooling - HHH10001005: Database info:
	Database JDBC URL [Connecting through datasource 'HikariDataSource (HikariPool-1)']
	Database driver: undefined/unknown
	Database version: 17.5
	Autocommit mode: undefined/unknown
	Isolation level: undefined/unknown
	Minimum pool size: undefined/unknown
	Maximum pool size: undefined/unknown
2025-11-28 12:28:04 INFO   o.h.e.t.j.p.i.JtaPlatformInitiator - HHH000489: No JTA platform available (set 'hibernate.transaction.jta.platform' to enable JTA platform integration)
2025-11-28 12:28:05 INFO   o.s.o.j.LocalContainerEntityManagerFactoryBean - Initialized JPA EntityManagerFactory for persistence unit 'default'
2025-11-28 12:28:05 INFO   o.s.d.j.r.query.QueryEnhancerFactory - Hibernate is in classpath; If applicable, HQL parser will be used.
2025-11-28 12:28:05 WARN   o.s.b.w.s.c.AnnotationConfigServletWebServerApplicationContext - Exception encountered during context initialization - cancelling refresh attempt: org.springframework.beans.factory.UnsatisfiedDependencyException: Error creating bean with name 'authController': Unsatisfied dependency expressed through field 'authService': Error creating bean with name 'authService': Unsatisfied dependency expressed through field 'smsSenderService': Error creating bean with name 'smsSenderService': Injection of autowired dependencies failed
2025-11-28 12:28:05 INFO   o.s.o.j.LocalContainerEntityManagerFactoryBean - Closing JPA EntityManagerFactory for persistence unit 'default'
2025-11-28 12:28:05 INFO   com.zaxxer.hikari.HikariDataSource - HikariPool-1 - Shutdown initiated...
2025-11-28 12:28:05 INFO   com.zaxxer.hikari.HikariDataSource - HikariPool-1 - Shutdown completed.
2025-11-28 12:28:05 INFO   o.a.catalina.core.StandardService - Stopping service [Tomcat]
2025-11-28 12:28:05 INFO   o.s.b.a.l.ConditionEvaluationReportLogger - 

Error starting ApplicationContext. To display the condition evaluation report re-run your application with 'debug' enabled.
2025-11-28 12:28:05 ERROR  o.s.boot.SpringApplication - Application run failed
org.springframework.beans.factory.UnsatisfiedDependencyException: Error creating bean with name 'authController': Unsatisfied dependency expressed through field 'authService': Error creating bean with name 'authService': Unsatisfied dependency expressed through field 'smsSenderService': Error creating bean with name 'smsSenderService': Injection of autowired dependencies failed
	at org.springframework.beans.factory.annotation.AutowiredAnnotationBeanPostProcessor$AutowiredFieldElement.resolveFieldValue(AutowiredAnnotationBeanPostProcessor.java:788)
	at org.springframework.beans.factory.annotation.AutowiredAnnotationBeanPostProcessor$AutowiredFieldElement.inject(AutowiredAnnotationBeanPostProcessor.java:768)
	at org.springframework.beans.factory.annotation.InjectionMetadata.inject(InjectionMetadata.java:146)
	at org.springframework.beans.factory.annotation.AutowiredAnnotationBeanPostProcessor.postProcessProperties(AutowiredAnnotationBeanPostProcessor.java:509)
	at org.springframework.beans.factory.support.AbstractAutowireCapableBeanFactory.populateBean(AbstractAutowireCapableBeanFactory.java:1459)
	at org.springframework.beans.factory.support.AbstractAutowireCapableBeanFactory.doCreateBean(AbstractAutowireCapableBeanFactory.java:606)
	at org.springframework.beans.factory.support.AbstractAutowireCapableBeanFactory.createBean(AbstractAutowireCapableBeanFactory.java:529)
	at org.springframework.beans.factory.support.AbstractBeanFactory.lambda$doGetBean$0(AbstractBeanFactory.java:339)
	at org.springframework.beans.factory.support.DefaultSingletonBeanRegistry.getSingleton(DefaultSingletonBeanRegistry.java:373)
	at org.springframework.beans.factory.support.AbstractBeanFactory.doGetBean(AbstractBeanFactory.java:337)
	at org.springframework.beans.factory.support.AbstractBeanFactory.getBean(AbstractBeanFactory.java:202)
	at org.springframework.beans.factory.support.DefaultListableBeanFactory.instantiateSingleton(DefaultListableBeanFactory.java:1221)
	at org.springframework.beans.factory.support.DefaultListableBeanFactory.preInstantiateSingleton(DefaultListableBeanFactory.java:1187)
	at org.springframework.beans.factory.support.DefaultListableBeanFactory.preInstantiateSingletons(DefaultListableBeanFactory.java:1123)
	at org.springframework.context.support.AbstractApplicationContext.finishBeanFactoryInitialization(AbstractApplicationContext.java:987)
	at org.springframework.context.support.AbstractApplicationContext.refresh(AbstractApplicationContext.java:627)
	at org.springframework.boot.web.servlet.context.ServletWebServerApplicationContext.refresh(ServletWebServerApplicationContext.java:146)
	at org.springframework.boot.SpringApplication.refresh(SpringApplication.java:752)
	at org.springframework.boot.SpringApplication.refreshContext(SpringApplication.java:439)
	at org.springframework.boot.SpringApplication.run(SpringApplication.java:318)
	at org.springframework.boot.SpringApplication.run(SpringApplication.java:1361)
	at org.springframework.boot.SpringApplication.run(SpringApplication.java:1350)
	at dasturlash.uz.KunUzApplication.main(KunUzApplication.java:10)
Caused by: org.springframework.beans.factory.UnsatisfiedDependencyException: Error creating bean with name 'authService': Unsatisfied dependency expressed through field 'smsSenderService': Error creating bean with name 'smsSenderService': Injection of autowired dependencies failed
	at org.springframework.beans.factory.annotation.AutowiredAnnotationBeanPostProcessor$AutowiredFieldElement.resolveFieldValue(AutowiredAnnotationBeanPostProcessor.java:788)
	at org.springframework.beans.factory.annotation.AutowiredAnnotationBeanPostProcessor$AutowiredFieldElement.inject(AutowiredAnnotationBeanPostProcessor.java:768)
	at org.springframework.beans.factory.annotation.InjectionMetadata.inject(InjectionMetadata.java:146)
	at org.springframework.beans.factory.annotation.AutowiredAnnotationBeanPostProcessor.postProcessProperties(AutowiredAnnotationBeanPostProcessor.java:509)
	at org.springframework.beans.factory.support.AbstractAutowireCapableBeanFactory.populateBean(AbstractAutowireCapableBeanFactory.java:1459)
	at org.springframework.beans.factory.support.AbstractAutowireCapableBeanFactory.doCreateBean(AbstractAutowireCapableBeanFactory.java:606)
	at org.springframework.beans.factory.support.AbstractAutowireCapableBeanFactory.createBean(AbstractAutowireCapableBeanFactory.java:529)
	at org.springframework.beans.factory.support.AbstractBeanFactory.lambda$doGetBean$0(AbstractBeanFactory.java:339)
	at org.springframework.beans.factory.support.DefaultSingletonBeanRegistry.getSingleton(DefaultSingletonBeanRegistry.java:373)
	at org.springframework.beans.factory.support.AbstractBeanFactory.doGetBean(AbstractBeanFactory.java:337)
	at org.springframework.beans.factory.support.AbstractBeanFactory.getBean(AbstractBeanFactory.java:202)
	at org.springframework.beans.factory.support.DefaultListableBeanFactory.doResolveDependency(DefaultListableBeanFactory.java:1698)
	at org.springframework.beans.factory.support.DefaultListableBeanFactory.resolveDependency(DefaultListableBeanFactory.java:1643)
	at org.springframework.beans.factory.annotation.AutowiredAnnotationBeanPostProcessor$AutowiredFieldElement.resolveFieldValue(AutowiredAnnotationBeanPostProcessor.java:785)
	... 22 common frames omitted
Caused by: org.springframework.beans.factory.BeanCreationException: Error creating bean with name 'smsSenderService': Injection of autowired dependencies failed
	at org.springframework.beans.factory.annotation.AutowiredAnnotationBeanPostProcessor.postProcessProperties(AutowiredAnnotationBeanPostProcessor.java:515)
	at org.springframework.beans.factory.support.AbstractAutowireCapableBeanFactory.populateBean(AbstractAutowireCapableBeanFactory.java:1459)
	at org.springframework.beans.factory.support.AbstractAutowireCapableBeanFactory.doCreateBean(AbstractAutowireCapableBeanFactory.java:606)
	at org.springframework.beans.factory.support.AbstractAutowireCapableBeanFactory.createBean(AbstractAutowireCapableBeanFactory.java:529)
	at org.springframework.beans.factory.support.AbstractBeanFactory.lambda$doGetBean$0(AbstractBeanFactory.java:339)
	at org.springframework.beans.factory.support.DefaultSingletonBeanRegistry.getSingleton(DefaultSingletonBeanRegistry.java:373)
	at org.springframework.beans.factory.support.AbstractBeanFactory.doGetBean(AbstractBeanFactory.java:337)
	at org.springframework.beans.factory.support.AbstractBeanFactory.getBean(AbstractBeanFactory.java:202)
	at org.springframework.beans.factory.support.DefaultListableBeanFactory.doResolveDependency(DefaultListableBeanFactory.java:1698)
	at org.springframework.beans.factory.support.DefaultListableBeanFactory.resolveDependency(DefaultListableBeanFactory.java:1643)
	at org.springframework.beans.factory.annotation.AutowiredAnnotationBeanPostProcessor$AutowiredFieldElement.resolveFieldValue(AutowiredAnnotationBeanPostProcessor.java:785)
	... 35 common frames omitted
Caused by: org.springframework.util.PlaceholderResolutionException: Could not resolve placeholder 'sms.eskiz.password' in value "${sms.eskiz.password}"
	at org.springframework.util.PlaceholderResolutionException.withValue(PlaceholderResolutionException.java:81)
	at org.springframework.util.PlaceholderParser$ParsedValue.resolve(PlaceholderParser.java:423)
	at org.springframework.util.PlaceholderParser.replacePlaceholders(PlaceholderParser.java:128)
	at org.springframework.util.PropertyPlaceholderHelper.parseStringValue(PropertyPlaceholderHelper.java:118)
	at org.springframework.util.PropertyPlaceholderHelper.replacePlaceholders(PropertyPlaceholderHelper.java:114)
	at org.springframework.core.env.AbstractPropertyResolver.doResolvePlaceholders(AbstractPropertyResolver.java:293)
	at org.springframework.core.env.AbstractPropertyResolver.resolveRequiredPlaceholders(AbstractPropertyResolver.java:264)
	at org.springframework.context.support.PropertySourcesPlaceholderConfigurer.lambda$processProperties$0(PropertySourcesPlaceholderConfigurer.java:186)
	at org.springframework.beans.factory.support.AbstractBeanFactory.resolveEmbeddedValue(AbstractBeanFactory.java:970)
	at org.springframework.beans.factory.support.DefaultListableBeanFactory.doResolveDependency(DefaultListableBeanFactory.java:1665)
	at org.springframework.beans.factory.support.DefaultListableBeanFactory.resolveDependency(DefaultListableBeanFactory.java:1643)
	at org.springframework.beans.factory.annotation.AutowiredAnnotationBeanPostProcessor$AutowiredFieldElement.resolveFieldValue(AutowiredAnnotationBeanPostProcessor.java:785)
	at org.springframework.beans.factory.annotation.AutowiredAnnotationBeanPostProcessor$AutowiredFieldElement.inject(AutowiredAnnotationBeanPostProcessor.java:768)
	at org.springframework.beans.factory.annotation.InjectionMetadata.inject(InjectionMetadata.java:146)
	at org.springframework.beans.factory.annotation.AutowiredAnnotationBeanPostProcessor.postProcessProperties(AutowiredAnnotationBeanPostProcessor.java:509)
	... 45 common frames omitted
2025-11-28 12:31:12 INFO   dasturlash.uz.KunUzApplication - Starting KunUzApplication using Java 23.0.2 with PID 21708 (D:\Java\Spring\kun-uz\target\classes started by Asus in D:\Java\Spring\kun-uz)
2025-11-28 12:31:12 INFO   dasturlash.uz.KunUzApplication - The following 1 profile is active: "local"
2025-11-28 12:31:12 INFO   o.s.d.r.c.RepositoryConfigurationDelegate - Bootstrapping Spring Data JPA repositories in DEFAULT mode.
2025-11-28 12:31:12 INFO   o.s.d.r.c.RepositoryConfigurationDelegate - Finished Spring Data repository scanning in 46 ms. Found 17 JPA repository interfaces.
2025-11-28 12:31:12 INFO   o.s.b.w.e.tomcat.TomcatWebServer - Tomcat initialized with port 8080 (http)
2025-11-28 12:31:12 INFO   o.a.catalina.core.StandardService - Starting service [Tomcat]
2025-11-28 12:31:12 INFO   o.a.catalina.core.StandardEngine - Starting Servlet engine: [Apache Tomcat/10.1.46]
2025-11-28 12:31:13 INFO   o.a.c.c.C.[Tomcat].[localhost].[/] - Initializing Spring embedded WebApplicationContext
2025-11-28 12:31:13 INFO   o.s.b.w.s.c.ServletWebServerApplicationContext - Root WebApplicationContext: initialization completed in 882 ms
2025-11-28 12:31:13 INFO   o.h.jpa.internal.util.LogHelper - HHH000204: Processing PersistenceUnitInfo [name: default]
2025-11-28 12:31:13 INFO   org.hibernate.Version - HHH000412: Hibernate ORM core version 6.6.29.Final
2025-11-28 12:31:13 INFO   o.h.c.i.RegionFactoryInitiator - HHH000026: Second-level cache disabled
2025-11-28 12:31:13 INFO   o.s.o.j.p.SpringPersistenceUnitInfo - No LoadTimeWeaver setup: ignoring JPA class transformer
2025-11-28 12:31:13 INFO   com.zaxxer.hikari.HikariDataSource - HikariPool-1 - Starting...
2025-11-28 12:31:13 INFO   com.zaxxer.hikari.pool.HikariPool - HikariPool-1 - Added connection org.postgresql.jdbc.PgConnection@6fd7aba8
2025-11-28 12:31:13 INFO   com.zaxxer.hikari.HikariDataSource - HikariPool-1 - Start completed.
2025-11-28 12:31:13 INFO   o.hibernate.orm.connections.pooling - HHH10001005: Database info:
	Database JDBC URL [Connecting through datasource 'HikariDataSource (HikariPool-1)']
	Database driver: undefined/unknown
	Database version: 17.5
	Autocommit mode: undefined/unknown
	Isolation level: undefined/unknown
	Minimum pool size: undefined/unknown
	Maximum pool size: undefined/unknown
2025-11-28 12:31:14 INFO   o.h.e.t.j.p.i.JtaPlatformInitiator - HHH000489: No JTA platform available (set 'hibernate.transaction.jta.platform' to enable JTA platform integration)
2025-11-28 12:31:14 INFO   o.s.o.j.LocalContainerEntityManagerFactoryBean - Initialized JPA EntityManagerFactory for persistence unit 'default'
2025-11-28 12:31:15 INFO   o.s.d.j.r.query.QueryEnhancerFactory - Hibernate is in classpath; If applicable, HQL parser will be used.
2025-11-28 12:31:16 WARN   o.s.b.a.o.j.JpaBaseConfiguration$JpaWebConfiguration - spring.jpa.open-in-view is enabled by default. Therefore, database queries may be performed during view rendering. Explicitly configure spring.jpa.open-in-view to disable this warning
2025-11-28 12:31:16 INFO   o.s.s.c.a.a.c.InitializeAuthenticationProviderBeanManagerConfigurer$InitializeAuthenticationProviderManagerConfigurer - Global AuthenticationManager configured with AuthenticationProvider bean with name authenticationProvider
2025-11-28 12:31:16 WARN   o.s.s.c.a.a.c.InitializeUserDetailsBeanManagerConfigurer$InitializeUserDetailsManagerConfigurer - Global AuthenticationManager configured with an AuthenticationProvider bean. UserDetailsService beans will not be used by Spring Security for automatically configuring username/password login. Consider removing the AuthenticationProvider bean. Alternatively, consider using the UserDetailsService in a manually instantiated DaoAuthenticationProvider. If the current configuration is intentional, to turn off this warning, increase the logging level of 'org.springframework.security.config.annotation.authentication.configuration.InitializeUserDetailsBeanManagerConfigurer' to ERROR
2025-11-28 12:31:16 INFO   o.s.b.w.e.tomcat.TomcatWebServer - Tomcat started on port 8080 (http) with context path '/'
2025-11-28 12:31:16 INFO   dasturlash.uz.KunUzApplication - Started KunUzApplication in 5.079 seconds (process running for 5.479)
2025-11-28 12:31:28 INFO   o.a.c.c.C.[Tomcat].[localhost].[/] - Initializing Spring DispatcherServlet 'dispatcherServlet'
2025-11-28 12:31:28 INFO   o.s.web.servlet.DispatcherServlet - Initializing Servlet 'dispatcherServlet'
2025-11-28 12:31:28 INFO   o.s.web.servlet.DispatcherServlet - Completed initialization in 1 ms
2025-11-28 12:34:35 INFO   o.s.b.w.e.tomcat.GracefulShutdown - Commencing graceful shutdown. Waiting for active requests to complete
2025-11-28 12:34:35 INFO   o.s.b.w.e.tomcat.GracefulShutdown - Graceful shutdown complete
2025-11-28 12:34:35 INFO   o.s.o.j.LocalContainerEntityManagerFactoryBean - Closing JPA EntityManagerFactory for persistence unit 'default'
2025-11-28 12:34:35 INFO   com.zaxxer.hikari.HikariDataSource - HikariPool-1 - Shutdown initiated...
2025-11-28 12:34:35 INFO   com.zaxxer.hikari.HikariDataSource - HikariPool-1 - Shutdown completed.
2025-11-28 12:42:18 [34mINFO [0;39m dasturlash.uz.KunUzApplication - Starting KunUzApplication using Java 23.0.2 with PID 24732 (D:\Java\Spring\kun-uz\target\classes started by Asus in D:\Java\Spring\kun-uz)
2025-11-28 12:42:18 [34mINFO [0;39m dasturlash.uz.KunUzApplication - The following 1 profile is active: "local"
2025-11-28 12:42:18 [34mINFO [0;39m o.s.d.r.c.RepositoryConfigurationDelegate - Bootstrapping Spring Data JPA repositories in DEFAULT mode.
2025-11-28 12:42:18 [34mINFO [0;39m o.s.d.r.c.RepositoryConfigurationDelegate - Finished Spring Data repository scanning in 47 ms. Found 17 JPA repository interfaces.
2025-11-28 12:42:19 [34mINFO [0;39m o.s.b.w.e.tomcat.TomcatWebServer - Tomcat initialized with port 8080 (http)
2025-11-28 12:42:19 [34mINFO [0;39m o.a.catalina.core.StandardService - Starting service [Tomcat]
2025-11-28 12:42:19 [34mINFO [0;39m o.a.catalina.core.StandardEngine - Starting Servlet engine: [Apache Tomcat/10.1.46]
2025-11-28 12:42:19 [34mINFO [0;39m o.a.c.c.C.[Tomcat].[localhost].[/] - Initializing Spring embedded WebApplicationContext
2025-11-28 12:42:19 [34mINFO [0;39m o.s.b.w.s.c.ServletWebServerApplicationContext - Root WebApplicationContext: initialization completed in 1005 ms
2025-11-28 12:42:19 [34mINFO [0;39m o.h.jpa.internal.util.LogHelper - HHH000204: Processing PersistenceUnitInfo [name: default]
2025-11-28 12:42:19 [34mINFO [0;39m org.hibernate.Version - HHH000412: Hibernate ORM core version 6.6.29.Final
2025-11-28 12:42:19 [34mINFO [0;39m o.h.c.i.RegionFactoryInitiator - HHH000026: Second-level cache disabled
2025-11-28 12:42:19 [34mINFO [0;39m o.s.o.j.p.SpringPersistenceUnitInfo - No LoadTimeWeaver setup: ignoring JPA class transformer
2025-11-28 12:42:19 [34mINFO [0;39m com.zaxxer.hikari.HikariDataSource - HikariPool-1 - Starting...
2025-11-28 12:42:19 [34mINFO [0;39m com.zaxxer.hikari.pool.HikariPool - HikariPool-1 - Added connection org.postgresql.jdbc.PgConnection@3ce7490a
2025-11-28 12:42:19 [34mINFO [0;39m com.zaxxer.hikari.HikariDataSource - HikariPool-1 - Start completed.
2025-11-28 12:42:19 [34mINFO [0;39m o.hibernate.orm.connections.pooling - HHH10001005: Database info:
	Database JDBC URL [Connecting through datasource 'HikariDataSource (HikariPool-1)']
	Database driver: undefined/unknown
	Database version: 17.5
	Autocommit mode: undefined/unknown
	Isolation level: undefined/unknown
	Minimum pool size: undefined/unknown
	Maximum pool size: undefined/unknown
2025-11-28 12:42:20 [34mINFO [0;39m o.h.e.t.j.p.i.JtaPlatformInitiator - HHH000489: No JTA platform available (set 'hibernate.transaction.jta.platform' to enable JTA platform integration)
2025-11-28 12:42:21 [34mINFO [0;39m o.s.o.j.LocalContainerEntityManagerFactoryBean - Initialized JPA EntityManagerFactory for persistence unit 'default'
2025-11-28 12:42:21 [34mINFO [0;39m o.s.d.j.r.query.QueryEnhancerFactory - Hibernate is in classpath; If applicable, HQL parser will be used.
2025-11-28 12:42:23 [31mWARN [0;39m o.s.b.a.o.j.JpaBaseConfiguration$JpaWebConfiguration - spring.jpa.open-in-view is enabled by default. Therefore, database queries may be performed during view rendering. Explicitly configure spring.jpa.open-in-view to disable this warning
2025-11-28 12:42:23 [34mINFO [0;39m o.s.s.c.a.a.c.InitializeAuthenticationProviderBeanManagerConfigurer$InitializeAuthenticationProviderManagerConfigurer - Global AuthenticationManager configured with AuthenticationProvider bean with name authenticationProvider
2025-11-28 12:42:23 [31mWARN [0;39m o.s.s.c.a.a.c.InitializeUserDetailsBeanManagerConfigurer$InitializeUserDetailsManagerConfigurer - Global AuthenticationManager configured with an AuthenticationProvider bean. UserDetailsService beans will not be used by Spring Security for automatically configuring username/password login. Consider removing the AuthenticationProvider bean. Alternatively, consider using the UserDetailsService in a manually instantiated DaoAuthenticationProvider. If the current configuration is intentional, to turn off this warning, increase the logging level of 'org.springframework.security.config.annotation.authentication.configuration.InitializeUserDetailsBeanManagerConfigurer' to ERROR
2025-11-28 12:42:23 [34mINFO [0;39m o.s.b.w.e.tomcat.TomcatWebServer - Tomcat started on port 8080 (http) with context path '/'
2025-11-28 12:42:23 [34mINFO [0;39m dasturlash.uz.KunUzApplication - Started KunUzApplication in 5.838 seconds (process running for 6.227)
2025-11-28 12:42:54 [34mINFO [0;39m o.s.b.w.e.tomcat.GracefulShutdown - Commencing graceful shutdown. Waiting for active requests to complete
2025-11-28 12:42:54 [34mINFO [0;39m o.s.b.w.e.tomcat.GracefulShutdown - Graceful shutdown complete
2025-11-28 12:42:54 [34mINFO [0;39m o.s.o.j.LocalContainerEntityManagerFactoryBean - Closing JPA EntityManagerFactory for persistence unit 'default'
2025-11-28 12:42:54 [34mINFO [0;39m com.zaxxer.hikari.HikariDataSource - HikariPool-1 - Shutdown initiated...
2025-11-28 12:42:54 [34mINFO [0;39m com.zaxxer.hikari.HikariDataSource - HikariPool-1 - Shutdown completed.
2025-11-28 12:42:56 [34mINFO [0;39m dasturlash.uz.KunUzApplication - Starting KunUzApplication using Java 23.0.2 with PID 19868 (D:\Java\Spring\kun-uz\target\classes started by Asus in D:\Java\Spring\kun-uz)
2025-11-28 12:42:56 [34mINFO [0;39m dasturlash.uz.KunUzApplication - The following 1 profile is active: "local"
2025-11-28 12:42:56 [34mINFO [0;39m o.s.d.r.c.RepositoryConfigurationDelegate - Bootstrapping Spring Data JPA repositories in DEFAULT mode.
2025-11-28 12:42:56 [34mINFO [0;39m o.s.d.r.c.RepositoryConfigurationDelegate - Finished Spring Data repository scanning in 52 ms. Found 17 JPA repository interfaces.
2025-11-28 12:42:56 [34mINFO [0;39m o.s.b.w.e.tomcat.TomcatWebServer - Tomcat initialized with port 8080 (http)
2025-11-28 12:42:56 [34mINFO [0;39m o.a.catalina.core.StandardService - Starting service [Tomcat]
2025-11-28 12:42:56 [34mINFO [0;39m o.a.catalina.core.StandardEngine - Starting Servlet engine: [Apache Tomcat/10.1.46]
2025-11-28 12:42:57 [34mINFO [0;39m o.a.c.c.C.[Tomcat].[localhost].[/] - Initializing Spring embedded WebApplicationContext
2025-11-28 12:42:57 [34mINFO [0;39m o.s.b.w.s.c.ServletWebServerApplicationContext - Root WebApplicationContext: initialization completed in 833 ms
2025-11-28 12:42:57 [34mINFO [0;39m o.h.jpa.internal.util.LogHelper - HHH000204: Processing PersistenceUnitInfo [name: default]
2025-11-28 12:42:57 [34mINFO [0;39m org.hibernate.Version - HHH000412: Hibernate ORM core version 6.6.29.Final
2025-11-28 12:42:57 [34mINFO [0;39m o.h.c.i.RegionFactoryInitiator - HHH000026: Second-level cache disabled
2025-11-28 12:42:57 [34mINFO [0;39m o.s.o.j.p.SpringPersistenceUnitInfo - No LoadTimeWeaver setup: ignoring JPA class transformer
2025-11-28 12:42:57 [34mINFO [0;39m com.zaxxer.hikari.HikariDataSource - HikariPool-1 - Starting...
2025-11-28 12:42:57 [34mINFO [0;39m com.zaxxer.hikari.pool.HikariPool - HikariPool-1 - Added connection org.postgresql.jdbc.PgConnection@1f3c5308
2025-11-28 12:42:57 [34mINFO [0;39m com.zaxxer.hikari.HikariDataSource - HikariPool-1 - Start completed.
2025-11-28 12:42:57 [34mINFO [0;39m o.hibernate.orm.connections.pooling - HHH10001005: Database info:
	Database JDBC URL [Connecting through datasource 'HikariDataSource (HikariPool-1)']
	Database driver: undefined/unknown
	Database version: 17.5
	Autocommit mode: undefined/unknown
	Isolation level: undefined/unknown
	Minimum pool size: undefined/unknown
	Maximum pool size: undefined/unknown
2025-11-28 12:42:58 [34mINFO [0;39m o.h.e.t.j.p.i.JtaPlatformInitiator - HHH000489: No JTA platform available (set 'hibernate.transaction.jta.platform' to enable JTA platform integration)
2025-11-28 12:42:58 [34mINFO [0;39m o.s.o.j.LocalContainerEntityManagerFactoryBean - Initialized JPA EntityManagerFactory for persistence unit 'default'
2025-11-28 12:42:58 [34mINFO [0;39m o.s.d.j.r.query.QueryEnhancerFactory - Hibernate is in classpath; If applicable, HQL parser will be used.
2025-11-28 12:43:00 [31mWARN [0;39m o.s.b.a.o.j.JpaBaseConfiguration$JpaWebConfiguration - spring.jpa.open-in-view is enabled by default. Therefore, database queries may be performed during view rendering. Explicitly configure spring.jpa.open-in-view to disable this warning
2025-11-28 12:43:00 [34mINFO [0;39m o.s.s.c.a.a.c.InitializeAuthenticationProviderBeanManagerConfigurer$InitializeAuthenticationProviderManagerConfigurer - Global AuthenticationManager configured with AuthenticationProvider bean with name authenticationProvider
2025-11-28 12:43:00 [31mWARN [0;39m o.s.s.c.a.a.c.InitializeUserDetailsBeanManagerConfigurer$InitializeUserDetailsManagerConfigurer - Global AuthenticationManager configured with an AuthenticationProvider bean. UserDetailsService beans will not be used by Spring Security for automatically configuring username/password login. Consider removing the AuthenticationProvider bean. Alternatively, consider using the UserDetailsService in a manually instantiated DaoAuthenticationProvider. If the current configuration is intentional, to turn off this warning, increase the logging level of 'org.springframework.security.config.annotation.authentication.configuration.InitializeUserDetailsBeanManagerConfigurer' to ERROR
2025-11-28 12:43:00 [34mINFO [0;39m o.s.b.w.e.tomcat.TomcatWebServer - Tomcat started on port 8080 (http) with context path '/'
2025-11-28 12:43:00 [34mINFO [0;39m dasturlash.uz.KunUzApplication - Started KunUzApplication in 4.974 seconds (process running for 5.468)
2025-11-28 12:43:05 [34mINFO [0;39m o.s.b.w.e.tomcat.GracefulShutdown - Commencing graceful shutdown. Waiting for active requests to complete
2025-11-28 12:43:05 [34mINFO [0;39m o.s.b.w.e.tomcat.GracefulShutdown - Graceful shutdown complete
2025-11-28 12:43:05 [34mINFO [0;39m o.s.o.j.LocalContainerEntityManagerFactoryBean - Closing JPA EntityManagerFactory for persistence unit 'default'
2025-11-28 12:43:05 [34mINFO [0;39m com.zaxxer.hikari.HikariDataSource - HikariPool-1 - Shutdown initiated...
2025-11-28 12:43:05 [34mINFO [0;39m com.zaxxer.hikari.HikariDataSource - HikariPool-1 - Shutdown completed.
2025-11-28 12:43:55 INFO   dasturlash.uz.KunUzApplication - Starting KunUzApplication using Java 23.0.2 with PID 22756 (D:\Java\Spring\kun-uz\target\classes started by Asus in D:\Java\Spring\kun-uz)
2025-11-28 12:43:55 INFO   dasturlash.uz.KunUzApplication - The following 1 profile is active: "local"
2025-11-28 12:43:56 INFO   o.s.d.r.c.RepositoryConfigurationDelegate - Bootstrapping Spring Data JPA repositories in DEFAULT mode.
2025-11-28 12:43:56 INFO   o.s.d.r.c.RepositoryConfigurationDelegate - Finished Spring Data repository scanning in 47 ms. Found 17 JPA repository interfaces.
2025-11-28 12:43:56 INFO   o.s.b.w.e.tomcat.TomcatWebServer - Tomcat initialized with port 8080 (http)
2025-11-28 12:43:56 INFO   o.a.catalina.core.StandardService - Starting service [Tomcat]
2025-11-28 12:43:56 INFO   o.a.catalina.core.StandardEngine - Starting Servlet engine: [Apache Tomcat/10.1.46]
2025-11-28 12:43:56 INFO   o.a.c.c.C.[Tomcat].[localhost].[/] - Initializing Spring embedded WebApplicationContext
2025-11-28 12:43:56 INFO   o.s.b.w.s.c.ServletWebServerApplicationContext - Root WebApplicationContext: initialization completed in 849 ms
2025-11-28 12:43:56 INFO   o.h.jpa.internal.util.LogHelper - HHH000204: Processing PersistenceUnitInfo [name: default]
2025-11-28 12:43:56 INFO   org.hibernate.Version - HHH000412: Hibernate ORM core version 6.6.29.Final
2025-11-28 12:43:56 INFO   o.h.c.i.RegionFactoryInitiator - HHH000026: Second-level cache disabled
2025-11-28 12:43:56 INFO   o.s.o.j.p.SpringPersistenceUnitInfo - No LoadTimeWeaver setup: ignoring JPA class transformer
2025-11-28 12:43:56 INFO   com.zaxxer.hikari.HikariDataSource - HikariPool-1 - Starting...
2025-11-28 12:43:57 INFO   com.zaxxer.hikari.pool.HikariPool - HikariPool-1 - Added connection org.postgresql.jdbc.PgConnection@3a54638b
2025-11-28 12:43:57 INFO   com.zaxxer.hikari.HikariDataSource - HikariPool-1 - Start completed.
2025-11-28 12:43:57 INFO   o.hibernate.orm.connections.pooling - HHH10001005: Database info:
	Database JDBC URL [Connecting through datasource 'HikariDataSource (HikariPool-1)']
	Database driver: undefined/unknown
	Database version: 17.5
	Autocommit mode: undefined/unknown
	Isolation level: undefined/unknown
	Minimum pool size: undefined/unknown
	Maximum pool size: undefined/unknown
2025-11-28 12:43:57 INFO   o.h.e.t.j.p.i.JtaPlatformInitiator - HHH000489: No JTA platform available (set 'hibernate.transaction.jta.platform' to enable JTA platform integration)
2025-11-28 12:43:58 INFO   o.s.o.j.LocalContainerEntityManagerFactoryBean - Initialized JPA EntityManagerFactory for persistence unit 'default'
2025-11-28 12:43:58 INFO   o.s.d.j.r.query.QueryEnhancerFactory - Hibernate is in classpath; If applicable, HQL parser will be used.
2025-11-28 12:44:00 WARN   o.s.b.a.o.j.JpaBaseConfiguration$JpaWebConfiguration - spring.jpa.open-in-view is enabled by default. Therefore, database queries may be performed during view rendering. Explicitly configure spring.jpa.open-in-view to disable this warning
2025-11-28 12:44:00 INFO   o.s.s.c.a.a.c.InitializeAuthenticationProviderBeanManagerConfigurer$InitializeAuthenticationProviderManagerConfigurer - Global AuthenticationManager configured with AuthenticationProvider bean with name authenticationProvider
2025-11-28 12:44:00 WARN   o.s.s.c.a.a.c.InitializeUserDetailsBeanManagerConfigurer$InitializeUserDetailsManagerConfigurer - Global AuthenticationManager configured with an AuthenticationProvider bean. UserDetailsService beans will not be used by Spring Security for automatically configuring username/password login. Consider removing the AuthenticationProvider bean. Alternatively, consider using the UserDetailsService in a manually instantiated DaoAuthenticationProvider. If the current configuration is intentional, to turn off this warning, increase the logging level of 'org.springframework.security.config.annotation.authentication.configuration.InitializeUserDetailsBeanManagerConfigurer' to ERROR
2025-11-28 12:44:00 INFO   o.s.b.w.e.tomcat.TomcatWebServer - Tomcat started on port 8080 (http) with context path '/'
2025-11-28 12:44:00 INFO   dasturlash.uz.KunUzApplication - Started KunUzApplication in 5.061 seconds (process running for 5.457)
2025-11-28 12:44:03 INFO   o.s.b.w.e.tomcat.GracefulShutdown - Commencing graceful shutdown. Waiting for active requests to complete
2025-11-28 12:44:03 INFO   o.s.b.w.e.tomcat.GracefulShutdown - Graceful shutdown complete
2025-11-28 12:44:03 INFO   o.s.o.j.LocalContainerEntityManagerFactoryBean - Closing JPA EntityManagerFactory for persistence unit 'default'
2025-11-28 12:44:03 INFO   com.zaxxer.hikari.HikariDataSource - HikariPool-1 - Shutdown initiated...
2025-11-28 12:44:03 INFO   com.zaxxer.hikari.HikariDataSource - HikariPool-1 - Shutdown completed.
2025-11-28 13:00:33 INFO   dasturlash.uz.KunUzApplication - Starting KunUzApplication using Java 23.0.2 with PID 23684 (D:\Java\Spring\kun-uz\target\classes started by Asus in D:\Java\Spring\kun-uz)
2025-11-28 13:00:33 INFO   dasturlash.uz.KunUzApplication - The following 1 profile is active: "local"
2025-11-28 13:00:34 INFO   o.s.d.r.c.RepositoryConfigurationDelegate - Bootstrapping Spring Data JPA repositories in DEFAULT mode.
2025-11-28 13:00:34 INFO   o.s.d.r.c.RepositoryConfigurationDelegate - Finished Spring Data repository scanning in 67 ms. Found 17 JPA repository interfaces.
2025-11-28 13:00:34 INFO   o.s.b.w.e.tomcat.TomcatWebServer - Tomcat initialized with port 8080 (http)
2025-11-28 13:00:34 INFO   o.a.catalina.core.StandardService - Starting service [Tomcat]
2025-11-28 13:00:34 INFO   o.a.catalina.core.StandardEngine - Starting Servlet engine: [Apache Tomcat/10.1.46]
2025-11-28 13:00:34 INFO   o.a.c.c.C.[Tomcat].[localhost].[/] - Initializing Spring embedded WebApplicationContext
2025-11-28 13:00:34 INFO   o.s.b.w.s.c.ServletWebServerApplicationContext - Root WebApplicationContext: initialization completed in 1148 ms
2025-11-28 13:00:34 INFO   o.h.jpa.internal.util.LogHelper - HHH000204: Processing PersistenceUnitInfo [name: default]
2025-11-28 13:00:34 INFO   org.hibernate.Version - HHH000412: Hibernate ORM core version 6.6.29.Final
2025-11-28 13:00:34 INFO   o.h.c.i.RegionFactoryInitiator - HHH000026: Second-level cache disabled
2025-11-28 13:00:34 INFO   o.s.o.j.p.SpringPersistenceUnitInfo - No LoadTimeWeaver setup: ignoring JPA class transformer
2025-11-28 13:00:35 INFO   com.zaxxer.hikari.HikariDataSource - HikariPool-1 - Starting...
2025-11-28 13:00:35 INFO   com.zaxxer.hikari.pool.HikariPool - HikariPool-1 - Added connection org.postgresql.jdbc.PgConnection@5b1ff8cd
2025-11-28 13:00:35 INFO   com.zaxxer.hikari.HikariDataSource - HikariPool-1 - Start completed.
2025-11-28 13:00:35 INFO   o.hibernate.orm.connections.pooling - HHH10001005: Database info:
	Database JDBC URL [Connecting through datasource 'HikariDataSource (HikariPool-1)']
	Database driver: undefined/unknown
	Database version: 17.5
	Autocommit mode: undefined/unknown
	Isolation level: undefined/unknown
	Minimum pool size: undefined/unknown
	Maximum pool size: undefined/unknown
2025-11-28 13:00:36 INFO   o.h.e.t.j.p.i.JtaPlatformInitiator - HHH000489: No JTA platform available (set 'hibernate.transaction.jta.platform' to enable JTA platform integration)
2025-11-28 13:00:36 INFO   o.s.o.j.LocalContainerEntityManagerFactoryBean - Initialized JPA EntityManagerFactory for persistence unit 'default'
2025-11-28 13:00:37 INFO   o.s.d.j.r.query.QueryEnhancerFactory - Hibernate is in classpath; If applicable, HQL parser will be used.
2025-11-28 13:00:37 DEBUG  o.s.web.client.RestTemplate - HTTP GET https://cbu.uz/uz/arkhiv-kursov-valyut/json/all/2025-11-28/
2025-11-28 13:00:37 DEBUG  o.s.web.client.RestTemplate - Accept=[application/json, application/*+json]
2025-11-28 13:00:38 DEBUG  o.s.web.client.RestTemplate - Response 200 OK
2025-11-28 13:00:38 DEBUG  o.s.web.client.RestTemplate - Reading to [dasturlash.uz.dto.CurrencyDTO[]]
2025-11-28 13:00:38 WARN   o.s.b.a.o.j.JpaBaseConfiguration$JpaWebConfiguration - spring.jpa.open-in-view is enabled by default. Therefore, database queries may be performed during view rendering. Explicitly configure spring.jpa.open-in-view to disable this warning
2025-11-28 13:00:38 DEBUG  o.s.w.s.m.m.a.RequestMappingHandlerMapping - 76 mappings in 'requestMappingHandlerMapping'
2025-11-28 13:00:39 DEBUG  o.s.w.s.h.SimpleUrlHandlerMapping - Patterns [/webjars/**, /**] in 'resourceHandlerMapping'
2025-11-28 13:00:39 INFO   o.s.s.c.a.a.c.InitializeAuthenticationProviderBeanManagerConfigurer$InitializeAuthenticationProviderManagerConfigurer - Global AuthenticationManager configured with AuthenticationProvider bean with name authenticationProvider
2025-11-28 13:00:39 WARN   o.s.s.c.a.a.c.InitializeUserDetailsBeanManagerConfigurer$InitializeUserDetailsManagerConfigurer - Global AuthenticationManager configured with an AuthenticationProvider bean. UserDetailsService beans will not be used by Spring Security for automatically configuring username/password login. Consider removing the AuthenticationProvider bean. Alternatively, consider using the UserDetailsService in a manually instantiated DaoAuthenticationProvider. If the current configuration is intentional, to turn off this warning, increase the logging level of 'org.springframework.security.config.annotation.authentication.configuration.InitializeUserDetailsBeanManagerConfigurer' to ERROR
2025-11-28 13:00:39 DEBUG  o.s.w.s.m.m.a.RequestMappingHandlerAdapter - ControllerAdvice beans: 0 @ModelAttribute, 0 @InitBinder, 1 RequestBodyAdvice, 1 ResponseBodyAdvice
2025-11-28 13:00:39 DEBUG  o.s.w.s.m.m.a.ExceptionHandlerExceptionResolver - ControllerAdvice beans: 1 @ExceptionHandler, 1 ResponseBodyAdvice
2025-11-28 13:00:39 INFO   o.s.b.w.e.tomcat.TomcatWebServer - Tomcat started on port 8080 (http) with context path '/'
2025-11-28 13:00:39 INFO   dasturlash.uz.KunUzApplication - Started KunUzApplication in 6.271 seconds (process running for 6.922)
2025-11-28 13:00:44 INFO   o.s.b.w.e.tomcat.GracefulShutdown - Commencing graceful shutdown. Waiting for active requests to complete
2025-11-28 13:00:44 INFO   o.s.b.w.e.tomcat.GracefulShutdown - Graceful shutdown complete
2025-11-28 13:00:44 INFO   o.s.o.j.LocalContainerEntityManagerFactoryBean - Closing JPA EntityManagerFactory for persistence unit 'default'
2025-11-28 13:00:44 INFO   com.zaxxer.hikari.HikariDataSource - HikariPool-1 - Shutdown initiated...
2025-11-28 13:00:44 INFO   com.zaxxer.hikari.HikariDataSource - HikariPool-1 - Shutdown completed.
2025-11-28 13:11:07 INFO   dasturlash.uz.KunUzApplication - Starting KunUzApplication using Java 23.0.2 with PID 20316 (D:\Java\Spring\kun-uz\target\classes started by Asus in D:\Java\Spring\kun-uz)
2025-11-28 13:11:07 INFO   dasturlash.uz.KunUzApplication - The following 1 profile is active: "local"
2025-11-28 13:11:08 INFO   o.s.d.r.c.RepositoryConfigurationDelegate - Bootstrapping Spring Data JPA repositories in DEFAULT mode.
2025-11-28 13:11:08 INFO   o.s.d.r.c.RepositoryConfigurationDelegate - Finished Spring Data repository scanning in 45 ms. Found 17 JPA repository interfaces.
2025-11-28 13:11:08 INFO   o.s.b.w.e.tomcat.TomcatWebServer - Tomcat initialized with port 8080 (http)
2025-11-28 13:11:08 INFO   o.a.catalina.core.StandardService - Starting service [Tomcat]
2025-11-28 13:11:08 INFO   o.a.catalina.core.StandardEngine - Starting Servlet engine: [Apache Tomcat/10.1.46]
2025-11-28 13:11:08 INFO   o.a.c.c.C.[Tomcat].[localhost].[/] - Initializing Spring embedded WebApplicationContext
2025-11-28 13:11:08 INFO   o.s.b.w.s.c.ServletWebServerApplicationContext - Root WebApplicationContext: initialization completed in 960 ms
2025-11-28 13:11:08 INFO   o.h.jpa.internal.util.LogHelper - HHH000204: Processing PersistenceUnitInfo [name: default]
2025-11-28 13:11:08 INFO   org.hibernate.Version - HHH000412: Hibernate ORM core version 6.6.29.Final
2025-11-28 13:11:08 INFO   o.h.c.i.RegionFactoryInitiator - HHH000026: Second-level cache disabled
2025-11-28 13:11:08 INFO   o.s.o.j.p.SpringPersistenceUnitInfo - No LoadTimeWeaver setup: ignoring JPA class transformer
2025-11-28 13:11:08 INFO   com.zaxxer.hikari.HikariDataSource - HikariPool-1 - Starting...
2025-11-28 13:11:09 INFO   com.zaxxer.hikari.pool.HikariPool - HikariPool-1 - Added connection org.postgresql.jdbc.PgConnection@97b5e6a
2025-11-28 13:11:09 INFO   com.zaxxer.hikari.HikariDataSource - HikariPool-1 - Start completed.
2025-11-28 13:11:09 INFO   o.hibernate.orm.connections.pooling - HHH10001005: Database info:
	Database JDBC URL [Connecting through datasource 'HikariDataSource (HikariPool-1)']
	Database driver: undefined/unknown
	Database version: 17.5
	Autocommit mode: undefined/unknown
	Isolation level: undefined/unknown
	Minimum pool size: undefined/unknown
	Maximum pool size: undefined/unknown
2025-11-28 13:11:09 INFO   o.h.e.t.j.p.i.JtaPlatformInitiator - HHH000489: No JTA platform available (set 'hibernate.transaction.jta.platform' to enable JTA platform integration)
2025-11-28 13:11:10 INFO   o.s.o.j.LocalContainerEntityManagerFactoryBean - Initialized JPA EntityManagerFactory for persistence unit 'default'
2025-11-28 13:11:10 INFO   o.s.d.j.r.query.QueryEnhancerFactory - Hibernate is in classpath; If applicable, HQL parser will be used.
2025-11-28 13:11:11 DEBUG  o.s.web.client.RestTemplate - HTTP GET https://cbu.uz/uz/arkhiv-kursov-valyut/json/all/2025-11-28/
2025-11-28 13:11:11 DEBUG  o.s.web.client.RestTemplate - Accept=[application/json, application/*+json]
2025-11-28 13:11:12 DEBUG  o.s.web.client.RestTemplate - Response 200 OK
2025-11-28 13:11:12 DEBUG  o.s.web.client.RestTemplate - Reading to [dasturlash.uz.dto.CurrencyDTO[]]
2025-11-28 13:11:12 WARN   o.s.b.a.o.j.JpaBaseConfiguration$JpaWebConfiguration - spring.jpa.open-in-view is enabled by default. Therefore, database queries may be performed during view rendering. Explicitly configure spring.jpa.open-in-view to disable this warning
2025-11-28 13:11:12 DEBUG  o.s.w.s.m.m.a.RequestMappingHandlerMapping - 76 mappings in 'requestMappingHandlerMapping'
2025-11-28 13:11:12 DEBUG  o.s.w.s.h.SimpleUrlHandlerMapping - Patterns [/webjars/**, /**] in 'resourceHandlerMapping'
2025-11-28 13:11:12 INFO   o.s.s.c.a.a.c.InitializeAuthenticationProviderBeanManagerConfigurer$InitializeAuthenticationProviderManagerConfigurer - Global AuthenticationManager configured with AuthenticationProvider bean with name authenticationProvider
2025-11-28 13:11:12 WARN   o.s.s.c.a.a.c.InitializeUserDetailsBeanManagerConfigurer$InitializeUserDetailsManagerConfigurer - Global AuthenticationManager configured with an AuthenticationProvider bean. UserDetailsService beans will not be used by Spring Security for automatically configuring username/password login. Consider removing the AuthenticationProvider bean. Alternatively, consider using the UserDetailsService in a manually instantiated DaoAuthenticationProvider. If the current configuration is intentional, to turn off this warning, increase the logging level of 'org.springframework.security.config.annotation.authentication.configuration.InitializeUserDetailsBeanManagerConfigurer' to ERROR
2025-11-28 13:11:12 DEBUG  o.s.w.s.m.m.a.RequestMappingHandlerAdapter - ControllerAdvice beans: 0 @ModelAttribute, 0 @InitBinder, 1 RequestBodyAdvice, 1 ResponseBodyAdvice
2025-11-28 13:11:12 DEBUG  o.s.w.s.m.m.a.ExceptionHandlerExceptionResolver - ControllerAdvice beans: 1 @ExceptionHandler, 1 ResponseBodyAdvice
2025-11-28 13:11:12 INFO   o.s.b.w.e.tomcat.TomcatWebServer - Tomcat started on port 8080 (http) with context path '/'
2025-11-28 13:11:12 INFO   dasturlash.uz.KunUzApplication - Started KunUzApplication in 5.498 seconds (process running for 5.893)
2025-11-28 13:12:40 INFO   o.s.b.w.e.tomcat.GracefulShutdown - Commencing graceful shutdown. Waiting for active requests to complete
2025-11-28 13:12:40 INFO   o.s.b.w.e.tomcat.GracefulShutdown - Graceful shutdown complete
2025-11-28 13:12:40 INFO   o.s.o.j.LocalContainerEntityManagerFactoryBean - Closing JPA EntityManagerFactory for persistence unit 'default'
2025-11-28 13:12:40 INFO   com.zaxxer.hikari.HikariDataSource - HikariPool-1 - Shutdown initiated...
2025-11-28 13:12:40 INFO   com.zaxxer.hikari.HikariDataSource - HikariPool-1 - Shutdown completed.
2025-11-28 13:12:42 INFO   dasturlash.uz.KunUzApplication - Starting KunUzApplication using Java 23.0.2 with PID 15268 (D:\Java\Spring\kun-uz\target\classes started by Asus in D:\Java\Spring\kun-uz)
2025-11-28 13:12:42 INFO   dasturlash.uz.KunUzApplication - The following 1 profile is active: "local"
2025-11-28 13:12:43 INFO   o.s.d.r.c.RepositoryConfigurationDelegate - Bootstrapping Spring Data JPA repositories in DEFAULT mode.
2025-11-28 13:12:43 INFO   o.s.d.r.c.RepositoryConfigurationDelegate - Finished Spring Data repository scanning in 50 ms. Found 17 JPA repository interfaces.
2025-11-28 13:12:43 INFO   o.s.b.w.e.tomcat.TomcatWebServer - Tomcat initialized with port 8080 (http)
2025-11-28 13:12:43 INFO   o.a.catalina.core.StandardService - Starting service [Tomcat]
2025-11-28 13:12:43 INFO   o.a.catalina.core.StandardEngine - Starting Servlet engine: [Apache Tomcat/10.1.46]
2025-11-28 13:12:43 INFO   o.a.c.c.C.[Tomcat].[localhost].[/] - Initializing Spring embedded WebApplicationContext
2025-11-28 13:12:43 INFO   o.s.b.w.s.c.ServletWebServerApplicationContext - Root WebApplicationContext: initialization completed in 1057 ms
2025-11-28 13:12:44 INFO   o.h.jpa.internal.util.LogHelper - HHH000204: Processing PersistenceUnitInfo [name: default]
2025-11-28 13:12:44 INFO   org.hibernate.Version - HHH000412: Hibernate ORM core version 6.6.29.Final
2025-11-28 13:12:44 INFO   o.h.c.i.RegionFactoryInitiator - HHH000026: Second-level cache disabled
2025-11-28 13:12:44 INFO   o.s.o.j.p.SpringPersistenceUnitInfo - No LoadTimeWeaver setup: ignoring JPA class transformer
2025-11-28 13:12:44 INFO   com.zaxxer.hikari.HikariDataSource - HikariPool-1 - Starting...
2025-11-28 13:12:44 INFO   com.zaxxer.hikari.pool.HikariPool - HikariPool-1 - Added connection org.postgresql.jdbc.PgConnection@b841713
2025-11-28 13:12:44 INFO   com.zaxxer.hikari.HikariDataSource - HikariPool-1 - Start completed.
2025-11-28 13:12:44 INFO   o.hibernate.orm.connections.pooling - HHH10001005: Database info:
	Database JDBC URL [Connecting through datasource 'HikariDataSource (HikariPool-1)']
	Database driver: undefined/unknown
	Database version: 17.5
	Autocommit mode: undefined/unknown
	Isolation level: undefined/unknown
	Minimum pool size: undefined/unknown
	Maximum pool size: undefined/unknown
2025-11-28 13:12:45 INFO   o.h.e.t.j.p.i.JtaPlatformInitiator - HHH000489: No JTA platform available (set 'hibernate.transaction.jta.platform' to enable JTA platform integration)
2025-11-28 13:12:46 INFO   o.s.o.j.LocalContainerEntityManagerFactoryBean - Initialized JPA EntityManagerFactory for persistence unit 'default'
2025-11-28 13:12:46 INFO   o.s.d.j.r.query.QueryEnhancerFactory - Hibernate is in classpath; If applicable, HQL parser will be used.
2025-11-28 13:12:47 DEBUG  o.s.web.client.RestTemplate - HTTP GET https://cbu.uz/uz/arkhiv-kursov-valyut/json/all/2025-11-28/
2025-11-28 13:12:47 DEBUG  o.s.web.client.RestTemplate - Accept=[application/json, application/*+json]
2025-11-28 13:12:50 DEBUG  o.s.web.client.RestTemplate - Response 200 OK
2025-11-28 13:12:50 DEBUG  o.s.web.client.RestTemplate - Reading to [dasturlash.uz.dto.CurrencyDTO[]]
2025-11-28 13:12:50 WARN   o.s.b.a.o.j.JpaBaseConfiguration$JpaWebConfiguration - spring.jpa.open-in-view is enabled by default. Therefore, database queries may be performed during view rendering. Explicitly configure spring.jpa.open-in-view to disable this warning
2025-11-28 13:12:50 DEBUG  o.s.w.s.m.m.a.RequestMappingHandlerMapping - 76 mappings in 'requestMappingHandlerMapping'
2025-11-28 13:12:50 DEBUG  o.s.w.s.h.SimpleUrlHandlerMapping - Patterns [/webjars/**, /**] in 'resourceHandlerMapping'
2025-11-28 13:12:50 INFO   o.s.s.c.a.a.c.InitializeAuthenticationProviderBeanManagerConfigurer$InitializeAuthenticationProviderManagerConfigurer - Global AuthenticationManager configured with AuthenticationProvider bean with name authenticationProvider
2025-11-28 13:12:50 WARN   o.s.s.c.a.a.c.InitializeUserDetailsBeanManagerConfigurer$InitializeUserDetailsManagerConfigurer - Global AuthenticationManager configured with an AuthenticationProvider bean. UserDetailsService beans will not be used by Spring Security for automatically configuring username/password login. Consider removing the AuthenticationProvider bean. Alternatively, consider using the UserDetailsService in a manually instantiated DaoAuthenticationProvider. If the current configuration is intentional, to turn off this warning, increase the logging level of 'org.springframework.security.config.annotation.authentication.configuration.InitializeUserDetailsBeanManagerConfigurer' to ERROR
2025-11-28 13:12:50 DEBUG  o.s.w.s.m.m.a.RequestMappingHandlerAdapter - ControllerAdvice beans: 0 @ModelAttribute, 0 @InitBinder, 1 RequestBodyAdvice, 1 ResponseBodyAdvice
2025-11-28 13:12:50 DEBUG  o.s.w.s.m.m.a.ExceptionHandlerExceptionResolver - ControllerAdvice beans: 1 @ExceptionHandler, 1 ResponseBodyAdvice
2025-11-28 13:12:50 INFO   o.s.b.w.e.tomcat.TomcatWebServer - Tomcat started on port 8080 (http) with context path '/'
2025-11-28 13:12:50 INFO   dasturlash.uz.KunUzApplication - Started KunUzApplication in 8.461 seconds (process running for 8.978)
2025-11-28 13:14:44 INFO   o.s.b.w.e.tomcat.GracefulShutdown - Commencing graceful shutdown. Waiting for active requests to complete
2025-11-28 13:14:44 INFO   o.s.b.w.e.tomcat.GracefulShutdown - Graceful shutdown complete
2025-11-28 13:14:44 INFO   o.s.o.j.LocalContainerEntityManagerFactoryBean - Closing JPA EntityManagerFactory for persistence unit 'default'
2025-11-28 13:14:44 INFO   com.zaxxer.hikari.HikariDataSource - HikariPool-1 - Shutdown initiated...
2025-11-28 13:14:44 INFO   com.zaxxer.hikari.HikariDataSource - HikariPool-1 - Shutdown completed.
2025-11-28 13:14:46 INFO   dasturlash.uz.KunUzApplication - Starting KunUzApplication using Java 23.0.2 with PID 25160 (D:\Java\Spring\kun-uz\target\classes started by Asus in D:\Java\Spring\kun-uz)
2025-11-28 13:14:46 INFO   dasturlash.uz.KunUzApplication - The following 1 profile is active: "local"
2025-11-28 13:14:46 INFO   o.s.d.r.c.RepositoryConfigurationDelegate - Bootstrapping Spring Data JPA repositories in DEFAULT mode.
2025-11-28 13:14:46 INFO   o.s.d.r.c.RepositoryConfigurationDelegate - Finished Spring Data repository scanning in 47 ms. Found 17 JPA repository interfaces.
2025-11-28 13:14:46 INFO   o.s.b.w.e.tomcat.TomcatWebServer - Tomcat initialized with port 8080 (http)
2025-11-28 13:14:46 INFO   o.a.catalina.core.StandardService - Starting service [Tomcat]
2025-11-28 13:14:46 INFO   o.a.catalina.core.StandardEngine - Starting Servlet engine: [Apache Tomcat/10.1.46]
2025-11-28 13:14:46 INFO   o.a.c.c.C.[Tomcat].[localhost].[/] - Initializing Spring embedded WebApplicationContext
2025-11-28 13:14:46 INFO   o.s.b.w.s.c.ServletWebServerApplicationContext - Root WebApplicationContext: initialization completed in 862 ms
2025-11-28 13:14:47 INFO   o.h.jpa.internal.util.LogHelper - HHH000204: Processing PersistenceUnitInfo [name: default]
2025-11-28 13:14:47 INFO   org.hibernate.Version - HHH000412: Hibernate ORM core version 6.6.29.Final
2025-11-28 13:14:47 INFO   o.h.c.i.RegionFactoryInitiator - HHH000026: Second-level cache disabled
2025-11-28 13:14:47 INFO   o.s.o.j.p.SpringPersistenceUnitInfo - No LoadTimeWeaver setup: ignoring JPA class transformer
2025-11-28 13:14:47 INFO   com.zaxxer.hikari.HikariDataSource - HikariPool-1 - Starting...
2025-11-28 13:14:47 INFO   com.zaxxer.hikari.pool.HikariPool - HikariPool-1 - Added connection org.postgresql.jdbc.PgConnection@66b31d46
2025-11-28 13:14:47 INFO   com.zaxxer.hikari.HikariDataSource - HikariPool-1 - Start completed.
2025-11-28 13:14:47 INFO   o.hibernate.orm.connections.pooling - HHH10001005: Database info:
	Database JDBC URL [Connecting through datasource 'HikariDataSource (HikariPool-1)']
	Database driver: undefined/unknown
	Database version: 17.5
	Autocommit mode: undefined/unknown
	Isolation level: undefined/unknown
	Minimum pool size: undefined/unknown
	Maximum pool size: undefined/unknown
2025-11-28 13:14:48 INFO   o.h.e.t.j.p.i.JtaPlatformInitiator - HHH000489: No JTA platform available (set 'hibernate.transaction.jta.platform' to enable JTA platform integration)
2025-11-28 13:14:48 INFO   o.s.o.j.LocalContainerEntityManagerFactoryBean - Initialized JPA EntityManagerFactory for persistence unit 'default'
2025-11-28 13:14:48 INFO   o.s.d.j.r.query.QueryEnhancerFactory - Hibernate is in classpath; If applicable, HQL parser will be used.
2025-11-28 13:14:49 DEBUG  o.s.web.client.RestTemplate - HTTP GET https://cbu.uz/uz/arkhiv-kursov-valyut/json/all/2025-11-28/
2025-11-28 13:14:49 DEBUG  o.s.web.client.RestTemplate - Accept=[application/json, application/*+json]
2025-11-28 13:14:50 DEBUG  o.s.web.client.RestTemplate - Response 200 OK
2025-11-28 13:14:50 DEBUG  o.s.web.client.RestTemplate - Reading to [dasturlash.uz.dto.CurrencyDTO[]]
2025-11-28 13:14:50 WARN   o.s.b.a.o.j.JpaBaseConfiguration$JpaWebConfiguration - spring.jpa.open-in-view is enabled by default. Therefore, database queries may be performed during view rendering. Explicitly configure spring.jpa.open-in-view to disable this warning
2025-11-28 13:14:50 DEBUG  o.s.w.s.m.m.a.RequestMappingHandlerMapping - 76 mappings in 'requestMappingHandlerMapping'
2025-11-28 13:14:50 DEBUG  o.s.w.s.h.SimpleUrlHandlerMapping - Patterns [/webjars/**, /**] in 'resourceHandlerMapping'
2025-11-28 13:14:50 INFO   o.s.s.c.a.a.c.InitializeAuthenticationProviderBeanManagerConfigurer$InitializeAuthenticationProviderManagerConfigurer - Global AuthenticationManager configured with AuthenticationProvider bean with name authenticationProvider
2025-11-28 13:14:50 WARN   o.s.s.c.a.a.c.InitializeUserDetailsBeanManagerConfigurer$InitializeUserDetailsManagerConfigurer - Global AuthenticationManager configured with an AuthenticationProvider bean. UserDetailsService beans will not be used by Spring Security for automatically configuring username/password login. Consider removing the AuthenticationProvider bean. Alternatively, consider using the UserDetailsService in a manually instantiated DaoAuthenticationProvider. If the current configuration is intentional, to turn off this warning, increase the logging level of 'org.springframework.security.config.annotation.authentication.configuration.InitializeUserDetailsBeanManagerConfigurer' to ERROR
2025-11-28 13:14:50 DEBUG  o.s.w.s.m.m.a.RequestMappingHandlerAdapter - ControllerAdvice beans: 0 @ModelAttribute, 0 @InitBinder, 1 RequestBodyAdvice, 1 ResponseBodyAdvice
2025-11-28 13:14:50 DEBUG  o.s.w.s.m.m.a.ExceptionHandlerExceptionResolver - ControllerAdvice beans: 1 @ExceptionHandler, 1 ResponseBodyAdvice
2025-11-28 13:14:50 INFO   o.s.b.w.e.tomcat.TomcatWebServer - Tomcat started on port 8080 (http) with context path '/'
2025-11-28 13:14:50 INFO   dasturlash.uz.KunUzApplication - Started KunUzApplication in 5.026 seconds (process running for 5.446)
2025-11-28 13:17:21 INFO   o.s.b.w.e.tomcat.GracefulShutdown - Commencing graceful shutdown. Waiting for active requests to complete
2025-11-28 13:17:21 INFO   o.s.b.w.e.tomcat.GracefulShutdown - Graceful shutdown complete
2025-11-28 13:17:21 INFO   o.s.o.j.LocalContainerEntityManagerFactoryBean - Closing JPA EntityManagerFactory for persistence unit 'default'
2025-11-28 13:17:21 INFO   com.zaxxer.hikari.HikariDataSource - HikariPool-1 - Shutdown initiated...
2025-11-28 13:17:21 INFO   com.zaxxer.hikari.HikariDataSource - HikariPool-1 - Shutdown completed.
2025-11-28 14:58:52 INFO   dasturlash.uz.KunUzApplication - Starting KunUzApplication using Java 23.0.2 with PID 11724 (D:\Java\Spring\kun-uz\target\classes started by Asus in D:\Java\Spring\kun-uz)
2025-11-28 14:58:52 INFO   dasturlash.uz.KunUzApplication - The following 1 profile is active: "local"
2025-11-28 14:58:53 INFO   o.s.d.r.c.RepositoryConfigurationDelegate - Bootstrapping Spring Data JPA repositories in DEFAULT mode.
2025-11-28 14:58:53 INFO   o.s.d.r.c.RepositoryConfigurationDelegate - Finished Spring Data repository scanning in 94 ms. Found 17 JPA repository interfaces.
2025-11-28 14:58:54 INFO   o.s.b.w.e.tomcat.TomcatWebServer - Tomcat initialized with port 8080 (http)
2025-11-28 14:58:54 INFO   o.a.catalina.core.StandardService - Starting service [Tomcat]
2025-11-28 14:58:54 INFO   o.a.catalina.core.StandardEngine - Starting Servlet engine: [Apache Tomcat/10.1.46]
2025-11-28 14:58:54 INFO   o.a.c.c.C.[Tomcat].[localhost].[/] - Initializing Spring embedded WebApplicationContext
2025-11-28 14:58:54 INFO   o.s.b.w.s.c.ServletWebServerApplicationContext - Root WebApplicationContext: initialization completed in 1572 ms
2025-11-28 14:58:54 INFO   o.h.jpa.internal.util.LogHelper - HHH000204: Processing PersistenceUnitInfo [name: default]
2025-11-28 14:58:54 INFO   org.hibernate.Version - HHH000412: Hibernate ORM core version 6.6.29.Final
2025-11-28 14:58:54 INFO   o.h.c.i.RegionFactoryInitiator - HHH000026: Second-level cache disabled
2025-11-28 14:58:54 INFO   o.s.o.j.p.SpringPersistenceUnitInfo - No LoadTimeWeaver setup: ignoring JPA class transformer
2025-11-28 14:58:55 INFO   com.zaxxer.hikari.HikariDataSource - HikariPool-1 - Starting...
2025-11-28 14:58:55 INFO   com.zaxxer.hikari.pool.HikariPool - HikariPool-1 - Added connection org.postgresql.jdbc.PgConnection@6c519e47
2025-11-28 14:58:55 INFO   com.zaxxer.hikari.HikariDataSource - HikariPool-1 - Start completed.
2025-11-28 14:58:55 INFO   o.hibernate.orm.connections.pooling - HHH10001005: Database info:
	Database JDBC URL [Connecting through datasource 'HikariDataSource (HikariPool-1)']
	Database driver: undefined/unknown
	Database version: 17.5
	Autocommit mode: undefined/unknown
	Isolation level: undefined/unknown
	Minimum pool size: undefined/unknown
	Maximum pool size: undefined/unknown
2025-11-28 14:58:56 INFO   o.h.e.t.j.p.i.JtaPlatformInitiator - HHH000489: No JTA platform available (set 'hibernate.transaction.jta.platform' to enable JTA platform integration)
2025-11-28 14:58:57 INFO   o.s.o.j.LocalContainerEntityManagerFactoryBean - Initialized JPA EntityManagerFactory for persistence unit 'default'
2025-11-28 14:58:58 INFO   o.s.d.j.r.query.QueryEnhancerFactory - Hibernate is in classpath; If applicable, HQL parser will be used.
2025-11-28 14:58:59 DEBUG  o.s.web.client.RestTemplate - HTTP GET https://cbu.uz/uz/arkhiv-kursov-valyut/json/all/2025-11-28/
2025-11-28 14:58:59 DEBUG  o.s.web.client.RestTemplate - Accept=[application/json, application/*+json]
2025-11-28 14:59:00 DEBUG  o.s.web.client.RestTemplate - Response 200 OK
2025-11-28 14:59:00 DEBUG  o.s.web.client.RestTemplate - Reading to [dasturlash.uz.dto.CurrencyDTO[]]
2025-11-28 14:59:00 INFO   d.uz.service.CurrencyService - refresh currency response
2025-11-28 14:59:00 WARN   o.s.b.a.o.j.JpaBaseConfiguration$JpaWebConfiguration - spring.jpa.open-in-view is enabled by default. Therefore, database queries may be performed during view rendering. Explicitly configure spring.jpa.open-in-view to disable this warning
2025-11-28 14:59:00 DEBUG  o.s.w.s.m.m.a.RequestMappingHandlerMapping - 76 mappings in 'requestMappingHandlerMapping'
2025-11-28 14:59:00 DEBUG  o.s.w.s.h.SimpleUrlHandlerMapping - Patterns [/webjars/**, /**] in 'resourceHandlerMapping'
2025-11-28 14:59:00 INFO   o.s.s.c.a.a.c.InitializeAuthenticationProviderBeanManagerConfigurer$InitializeAuthenticationProviderManagerConfigurer - Global AuthenticationManager configured with AuthenticationProvider bean with name authenticationProvider
2025-11-28 14:59:00 WARN   o.s.s.c.a.a.c.InitializeUserDetailsBeanManagerConfigurer$InitializeUserDetailsManagerConfigurer - Global AuthenticationManager configured with an AuthenticationProvider bean. UserDetailsService beans will not be used by Spring Security for automatically configuring username/password login. Consider removing the AuthenticationProvider bean. Alternatively, consider using the UserDetailsService in a manually instantiated DaoAuthenticationProvider. If the current configuration is intentional, to turn off this warning, increase the logging level of 'org.springframework.security.config.annotation.authentication.configuration.InitializeUserDetailsBeanManagerConfigurer' to ERROR
2025-11-28 14:59:01 DEBUG  o.s.w.s.m.m.a.RequestMappingHandlerAdapter - ControllerAdvice beans: 0 @ModelAttribute, 0 @InitBinder, 1 RequestBodyAdvice, 1 ResponseBodyAdvice
2025-11-28 14:59:01 DEBUG  o.s.w.s.m.m.a.ExceptionHandlerExceptionResolver - ControllerAdvice beans: 1 @ExceptionHandler, 1 ResponseBodyAdvice
2025-11-28 14:59:01 INFO   o.s.b.w.e.tomcat.TomcatWebServer - Tomcat started on port 8080 (http) with context path '/'
2025-11-28 14:59:01 INFO   dasturlash.uz.KunUzApplication - Started KunUzApplication in 9.265 seconds (process running for 9.977)
2025-11-28 14:59:19 INFO   o.a.c.c.C.[Tomcat].[localhost].[/] - Initializing Spring DispatcherServlet 'dispatcherServlet'
2025-11-28 14:59:19 INFO   o.s.web.servlet.DispatcherServlet - Initializing Servlet 'dispatcherServlet'
2025-11-28 14:59:19 DEBUG  o.s.web.servlet.DispatcherServlet - Detected StandardServletMultipartResolver
2025-11-28 14:59:19 DEBUG  o.s.web.servlet.DispatcherServlet - Detected AcceptHeaderLocaleResolver
2025-11-28 14:59:19 DEBUG  o.s.web.servlet.DispatcherServlet - Detected FixedThemeResolver
2025-11-28 14:59:19 DEBUG  o.s.web.servlet.DispatcherServlet - Detected org.springframework.web.servlet.view.DefaultRequestToViewNameTranslator@2170c3ed
2025-11-28 14:59:19 DEBUG  o.s.web.servlet.DispatcherServlet - Detected org.springframework.web.servlet.support.SessionFlashMapManager@4e0d2ddd
2025-11-28 14:59:19 DEBUG  o.s.web.servlet.DispatcherServlet - enableLoggingRequestDetails='false': request parameters and headers will be masked to prevent unsafe logging of potentially sensitive data
2025-11-28 14:59:19 INFO   o.s.web.servlet.DispatcherServlet - Completed initialization in 3 ms
2025-11-28 15:00:02 INFO   o.s.b.w.e.tomcat.GracefulShutdown - Commencing graceful shutdown. Waiting for active requests to complete
2025-11-28 15:00:02 INFO   o.s.b.w.e.tomcat.GracefulShutdown - Graceful shutdown complete
2025-11-28 15:00:02 INFO   o.s.o.j.LocalContainerEntityManagerFactoryBean - Closing JPA EntityManagerFactory for persistence unit 'default'
2025-11-28 15:00:02 INFO   com.zaxxer.hikari.HikariDataSource - HikariPool-1 - Shutdown initiated...
2025-11-28 15:00:02 INFO   com.zaxxer.hikari.HikariDataSource - HikariPool-1 - Shutdown completed.
